<?xml version="1.0" encoding="UTF-8"?>
<testng-results skipped="0" failed="0" ignored="0" total="2" passed="2">
  <reporter-output>
  </reporter-output>
  <suite name="Surefire suite" duration-ms="81050" started-at="2019-11-20T11:57:33Z" finished-at="2019-11-20T11:58:54Z">
    <groups>
    </groups>
    <test name="Surefire test" duration-ms="81050" started-at="2019-11-20T11:57:33Z" finished-at="2019-11-20T11:58:54Z">
      <class name="com.MavenbyCmd.BingTest">
        <test-method status="PASS" signature="StartBrowser_NavURL()[pri:0, instance:com.MavenbyCmd.BingTest@90f6bfd]" name="StartBrowser_NavURL" is-config="true" duration-ms="6160" started-at="2019-11-20T11:57:33Z" finished-at="2019-11-20T11:57:39Z">
          <reporter-output>
          </reporter-output>
        </test-method> <!-- StartBrowser_NavURL -->
        <test-method status="PASS" signature="StartBrowser_NavURL()[pri:0, instance:com.MavenbyCmd.GoogleTest@47f6473]" name="StartBrowser_NavURL" is-config="true" duration-ms="5663" started-at="2019-11-20T11:57:39Z" finished-at="2019-11-20T11:57:45Z">
          <reporter-output>
          </reporter-output>
        </test-method> <!-- StartBrowser_NavURL -->
        <test-method status="PASS" signature="testToCompareDoubles()[pri:0, instance:com.MavenbyCmd.BingTest@90f6bfd]" name="testToCompareDoubles" duration-ms="58662" started-at="2019-11-20T11:57:45Z" finished-at="2019-11-20T11:58:44Z">
          <reporter-output>
          </reporter-output>
        </test-method> <!-- testToCompareDoubles -->
        <test-method status="PASS" signature="CloseBrowser()[pri:0, instance:com.MavenbyCmd.BingTest@90f6bfd]" name="CloseBrowser" is-config="true" duration-ms="1474" started-at="2019-11-20T11:58:51Z" finished-at="2019-11-20T11:58:53Z">
          <reporter-output>
          </reporter-output>
        </test-method> <!-- CloseBrowser -->
        <test-method status="PASS" signature="CloseBrowser()[pri:0, instance:com.MavenbyCmd.GoogleTest@47f6473]" name="CloseBrowser" is-config="true" duration-ms="1259" started-at="2019-11-20T11:58:53Z" finished-at="2019-11-20T11:58:54Z">
          <reporter-output>
          </reporter-output>
        </test-method> <!-- CloseBrowser -->
      </class> <!-- com.MavenbyCmd.BingTest -->
      <class name="com.MavenbyCmd.GoogleTest">
        <test-method status="PASS" signature="testToCompareDoubles()[pri:0, instance:com.MavenbyCmd.GoogleTest@47f6473]" name="testToCompareDoubles" duration-ms="7794" started-at="2019-11-20T11:58:44Z" finished-at="2019-11-20T11:58:51Z">
          <reporter-output>
          </reporter-output>
        </test-method> <!-- testToCompareDoubles -->
      </class> <!-- com.MavenbyCmd.GoogleTest -->
    </test> <!-- Surefire test -->
  </suite> <!-- Surefire suite -->
</testng-results>
